<?xml version="1.0" encoding="UTF-8"?>
<!-- Generated by org.testng.reporters.JUnitXMLReporter -->
<testsuite hostname="asda1713po02529" ignored="0" name="Default test" tests="6" failures="0" timestamp="19 Jul 2017 13:09:01 GMT" time="0.587" errors="0">
  <testcase name="registerplayer" time="0.092" classname="TestProject.snlService_passArguments.PlayerTest"/>
  <testcase name="getplayerdetails" time="0.034" classname="TestProject.snlService_passArguments.PlayerTest"/>
  <testcase name="updateplayerdetailtest" time="0.054" classname="TestProject.snlService_passArguments.PlayerTest"/>
  <testcase name="moveplayertest" time="0.068" classname="TestProject.snlService_passArguments.PlayerTest"/>
  <testcase name="deleteplayertest" time="0.182" classname="TestProject.snlService_passArguments.PlayerTest"/>
  <testcase name="alreadydeletedplayer_deletetest" time="0.028" classname="TestProject.snlService_passArguments.PlayerTest"/>
</testsuite> <!-- Default test -->
