<?xml version="1.0" encoding="UTF-8"?>
<!-- Generated by org.testng.reporters.JUnitXMLReporter -->
<testsuite hostname="asda1713po02529" ignored="0" name="test" tests="12" failures="0" timestamp="19 Jul 2017 13:09:31 GMT" time="0.232" errors="0">
  <testcase name="@BeforeTest createboard" time="0.162" classname="TestProject.snlService_passArguments.PlayerTest">
    <failure type="java.io.IOException" message="Server returned HTTP response code: 401 for URL: http://10.0.1.86/snl/rest/v3/board/new.json">
      <![CDATA[java.io.IOException: Server returned HTTP response code: 401 for URL: http://10.0.1.86/snl/rest/v3/board/new.json
	at sun.net.www.protocol.http.HttpURLConnection$10.run(HttpURLConnection.java:1926)
	at sun.net.www.protocol.http.HttpURLConnection$10.run(HttpURLConnection.java:1921)
	at java.security.AccessController.doPrivileged(Native Method)
	at sun.net.www.protocol.http.HttpURLConnection.getChainedException(HttpURLConnection.java:1920)
	at sun.net.www.protocol.http.HttpURLConnection.getInputStream0(HttpURLConnection.java:1490)
	at sun.net.www.protocol.http.HttpURLConnection.getInputStream(HttpURLConnection.java:1474)
	at TestProject.snlService_passArguments.requests.sendGet(requests.java:108)
	at TestProject.snlService_passArguments.PlayerTest.createboard(PlayerTest.java:47)
Caused by: java.io.IOException: Server returned HTTP response code: 401 for URL: http://10.0.1.86/snl/rest/v3/board/new.json
	at sun.net.www.protocol.http.HttpURLConnection.getInputStream0(HttpURLConnection.java:1876)
	at sun.net.www.protocol.http.HttpURLConnection.getInputStream(HttpURLConnection.java:1474)
	at java.net.HttpURLConnection.getResponseCode(HttpURLConnection.java:480)
	at TestProject.snlService_passArguments.requests.sendGet(requests.java:102)
	... 24 more
... Removed 27 stack frames]]>
    </failure>
  </testcase> <!-- @BeforeTest createboard -->
  <testcase name="createboardtest" time="0.0" classname="TestProject.snlService_passArguments.BoardTest">
    <skipped/>
  </testcase> <!-- createboardtest -->
  <testcase name="registerplayer" time="0.0" classname="TestProject.snlService_passArguments.PlayerTest">
    <skipped/>
  </testcase> <!-- registerplayer -->
  <testcase name="getlistofboardtest" time="0.0" classname="TestProject.snlService_passArguments.BoardTest">
    <skipped/>
  </testcase> <!-- getlistofboardtest -->
  <testcase name="getplayerdetails" time="0.0" classname="TestProject.snlService_passArguments.PlayerTest">
    <skipped/>
  </testcase> <!-- getplayerdetails -->
  <testcase name="getddetailofboard" time="0.0" classname="TestProject.snlService_passArguments.BoardTest">
    <skipped/>
  </testcase> <!-- getddetailofboard -->
  <testcase name="updateplayerdetailtest" time="0.0" classname="TestProject.snlService_passArguments.PlayerTest">
    <skipped/>
  </testcase> <!-- updateplayerdetailtest -->
  <testcase name="resetboardtest" time="0.0" classname="TestProject.snlService_passArguments.BoardTest">
    <skipped/>
  </testcase> <!-- resetboardtest -->
  <testcase name="moveplayertest" time="0.0" classname="TestProject.snlService_passArguments.PlayerTest">
    <skipped/>
  </testcase> <!-- moveplayertest -->
  <testcase name="deleteboardtest" time="0.0" classname="TestProject.snlService_passArguments.BoardTest">
    <skipped/>
  </testcase> <!-- deleteboardtest -->
  <testcase name="deleteplayertest" time="0.0" classname="TestProject.snlService_passArguments.PlayerTest">
    <skipped/>
  </testcase> <!-- deleteplayertest -->
  <testcase name="alreadydeletedboard_deletetest" time="0.0" classname="TestProject.snlService_passArguments.BoardTest">
    <skipped/>
  </testcase> <!-- alreadydeletedboard_deletetest -->
  <testcase name="alreadydeletedplayer_deletetest" time="0.0" classname="TestProject.snlService_passArguments.PlayerTest">
    <skipped/>
  </testcase> <!-- alreadydeletedplayer_deletetest -->
</testsuite> <!-- test -->
